platform/abi/cpp.git
platform/bionic.git
platform/bootable/bootloader/legacy.git
platform/bootable/diskinstaller.git
platform/bootable/recovery.git
platform/build.git
platform/cts.git
platform/dalvik.git
platform/development.git
platform/docs/source.android.com.git
platform/external/android-mock.git
platform/external/antlr.git
platform/external/apache-harmony.git
platform/external/apache-http.git
platform/external/apache-xml.git
platform/external/astl.git
platform/external/bison.git
platform/external/blktrace.git
platform/external/bluetooth/bluez.git
platform/external/bluetooth/glib.git
platform/external/bluetooth/hcidump.git
platform/external/bouncycastle.git
platform/external/bsdiff.git
platform/external/bzip2.git
platform/external/chromium.git
platform/external/clang.git
platform/external/collada.git
platform/external/dbus.git
platform/external/dhcpcd.git
platform/external/dnsmasq.git
platform/external/doclava.git
platform/external/dropbear.git
platform/external/e2fsprogs.git
platform/external/easymock.git
platform/external/elfutils.git
platform/external/embunit.git
platform/external/emma.git
platform/external/esd.git
platform/external/expat.git
platform/external/eyes-free.git
platform/external/fdlibm.git
platform/external/flac.git
platform/external/freetype.git
platform/external/fsck_msdos.git
platform/external/genext2fs.git
platform/external/giflib.git
platform/external/google-diff-match-patch.git
platform/external/grub.git
platform/external/gtest.git
platform/external/guava.git
platform/external/harfbuzz.git
platform/external/hyphenation.git
platform/external/icu4c.git
platform/external/iproute2.git
platform/external/ipsec-tools.git
platform/external/iptables.git
platform/external/javasqlite.git
platform/external/javassist.git
platform/external/jdiff.git
platform/external/jhead.git
platform/external/jpeg.git
platform/external/jsilver.git
platform/external/jsr305.git
platform/external/junit.git
platform/external/kernel-headers.git
platform/external/libffi.git
platform/external/libgsm.git
platform/external/liblzf.git
platform/external/libnfc-nxp.git
platform/external/libnl-headers.git
platform/external/libpcap.git
platform/external/libphonenumber.git
platform/external/libpng.git
platform/external/libvpx.git
platform/external/libxml2.git
platform/external/libxslt.git
platform/external/libyuv.git
platform/external/llvm.git
platform/external/lohit-fonts.git
platform/external/markdown.git
platform/external/mesa3d.git
platform/external/mksh.git
platform/external/mockwebserver.git
platform/external/mtpd.git
platform/external/netcat.git
platform/external/netperf.git
platform/external/neven.git
platform/external/nist-sip.git
platform/external/oauth.git
platform/external/opencv.git
platform/external/openssl.git
platform/external/oprofile.git
platform/external/pcre.git
platform/external/ping.git
platform/external/ping6.git
platform/external/ppp.git
platform/external/proguard.git
platform/external/protobuf.git
platform/external/qemu.git
platform/external/qemu-pc-bios.git
platform/external/quake.git
platform/external/replicaisland.git
platform/external/safe-iop.git
platform/external/skia.git
platform/external/sonivox.git
platform/external/speex.git
platform/external/sqlite.git
platform/external/srec.git
platform/external/srtp.git
platform/external/stlport.git
platform/external/strace.git
platform/external/svox.git
platform/external/tagsoup.git
platform/external/tcpdump.git
platform/external/tinyalsa.git
platform/external/tinyxml.git
platform/external/tremolo.git
platform/external/v8.git
platform/external/valgrind.git
platform/external/webkit.git
platform/external/webp.git
platform/external/webrtc.git
platform/external/wpa_supplicant.git
platform/external/wpa_supplicant_6.git
platform/external/wpa_supplicant_8.git
platform/external/xmlwriter.git
platform/external/yaffs2.git
platform/external/zlib.git
platform/frameworks/base.git
platform/frameworks/compile/libbcc.git
platform/frameworks/compile/linkloader.git
platform/frameworks/compile/slang.git
platform/frameworks/ex.git
platform/frameworks/media/libvideoeditor.git
platform/frameworks/opt/calendar.git
platform/frameworks/opt/emoji.git
platform/frameworks/opt/inputmethodcommon.git
platform/frameworks/opt/mailcommon.git
platform/frameworks/opt/vcard.git
platform/frameworks/support.git
platform/hardware/broadcom/wlan.git
platform/hardware/invensense.git
platform/hardware/libhardware.git
platform/hardware/libhardware_legacy.git
platform/hardware/msm7k.git
platform/hardware/qcom/gps.git
platform/hardware/qcom/media.git
platform/hardware/ril.git
platform/hardware/ti/omap3.git
platform/hardware/ti/omap4xxx.git
platform/libcore.git
platform/ndk.git
platform/packages/apps/BasicSmsReceiver.git
platform/packages/apps/Bluetooth.git
platform/packages/apps/Browser.git
platform/packages/apps/Calculator.git
platform/packages/apps/Calendar.git
platform/packages/apps/Camera.git
platform/packages/apps/CellBroadcastReceiver.git
platform/packages/apps/CertInstaller.git
platform/packages/apps/Contacts.git
platform/packages/apps/DeskClock.git
platform/packages/apps/Email.git
platform/packages/apps/Exchange.git
platform/packages/apps/Gallery.git
platform/packages/apps/Gallery2.git
platform/packages/apps/HTMLViewer.git
platform/packages/apps/KeyChain.git
platform/packages/apps/Launcher2.git
platform/packages/apps/Mms.git
platform/packages/apps/Music.git
platform/packages/apps/MusicFX.git
platform/packages/apps/Nfc.git
platform/packages/apps/PackageInstaller.git
platform/packages/apps/Phone.git
platform/packages/apps/Protips.git
platform/packages/apps/Provision.git
platform/packages/apps/QuickSearchBox.git
platform/packages/apps/Settings.git
platform/packages/apps/SoundRecorder.git
platform/packages/apps/SpareParts.git
platform/packages/apps/SpeechRecorder.git
platform/packages/apps/Stk.git
platform/packages/apps/Tag.git
platform/packages/apps/VideoEditor.git
platform/packages/apps/VoiceDialer.git
platform/packages/experimental.git
platform/packages/inputmethods/LatinIME.git
platform/packages/inputmethods/OpenWnn.git
platform/packages/inputmethods/PinyinIME.git
platform/packages/providers/ApplicationsProvider.git
platform/packages/providers/CalendarProvider.git
platform/packages/providers/ContactsProvider.git
platform/packages/providers/DownloadProvider.git
platform/packages/providers/DrmProvider.git
platform/packages/providers/GoogleContactsProvider.git
platform/packages/providers/MediaProvider.git
platform/packages/providers/TelephonyProvider.git
platform/packages/providers/UserDictionaryProvider.git
platform/packages/wallpapers/Basic.git
platform/packages/wallpapers/Galaxy4.git
platform/packages/wallpapers/HoloSpiral.git
platform/packages/wallpapers/LivePicker.git
platform/packages/wallpapers/MagicSmoke.git
platform/packages/wallpapers/MusicVisualization.git
platform/packages/wallpapers/NoiseField.git
platform/packages/wallpapers/PhaseBeam.git
platform/prebuilt.git
platform/sdk.git
platform/system/bluetooth.git
platform/system/core.git
platform/system/extras.git
platform/system/media.git
platform/system/netd.git
platform/system/vold.git
hardware/marvell/gps.git
external/gst-plugins-bad.git
external/gst-plugins-ugly.git
external/libiconv.git
external/opencore.git
external/liboil.git
external/gst-fluendo-mpegdemux.git
external/libogg.git
external/ffmpeg.git
external/gstreamer.git
external/glib.git
external/gst-plugins-good.git
external/gst-ffmpeg.git
external/gst-plugins-base.git
external/gst-plugins-android.git
vendor/marvell/generic/simal.git
vendor/marvell/generic/emmcutil.git
vendor/marvell/generic/phycontmem-lib.git
vendor/marvell/generic/labtool.git
vendor/marvell/generic/cnm-drv.git
vendor/marvell/generic/logtools.git
vendor/marvell/generic/gst-plugins-marvell.git
vendor/marvell/generic/lib-cmmb-playengine2.git
vendor/marvell/generic/rdroot.git
vendor/marvell/generic/PowerSetting.git
vendor/marvell/generic/rdroot_kdump.git
vendor/marvell/generic/libaudio.git
vendor/marvell/generic/ttc_telephony.git
vendor/marvell/generic/hwcomposer.git
vendor/marvell/generic/BatteryCalibration.git
vendor/marvell/generic/oc-plugins-marvell.git
vendor/marvell/generic/marvell-ril.git
vendor/marvell/generic/displayservice.git
vendor/marvell/generic/marvell-gralloc.git
vendor/marvell/generic/software_downloader.git
vendor/marvell/generic/graphics.git
vendor/marvell/generic/NetworkInfo.git
vendor/marvell/generic/mpdc.git
vendor/marvell/generic/ipplib.git
vendor/marvell/generic/cpufreqd_plugins.git
vendor/marvell/generic/camera-hal.git
vendor/marvell/generic/MarvellWirelessDaemon.git
vendor/marvell/generic/FileMonitorService.git
vendor/marvell/generic/kexec-tools.git
vendor/marvell/generic/cameraengine.git
vendor/marvell/generic/toolchain/arm-linux-4.1.1.git
vendor/marvell/generic/sensors-hal.git
vendor/marvell/generic/libMarvellWireless.git
vendor/marvell/generic/apps/WapiCertMgmt.git
vendor/marvell/generic/apps/CallSetting.git
vendor/marvell/generic/apps/FMRadio.git
vendor/marvell/generic/apps/iw.git
vendor/marvell/generic/apps/libMBBMSEngine2.git
vendor/marvell/generic/apps/FileManager.git
vendor/marvell/generic/apps/OtaUpdater.git
vendor/marvell/generic/apps/FMStack.git
vendor/marvell/generic/libstagefrighthw.git
vendor/marvell/generic/FactoryTest.git
vendor/marvell/generic/sd8787.git
vendor/marvell/generic/usbsetting.git
vendor/marvell/external/libsoup.git
vendor/marvell/external/alsa-utils.git
vendor/marvell/external/alsa-lib.git
vendor/marvell/external/rfkill.git
vendor/marvell/external/cpufrequtils.git
vendor/marvell/external/cpufreqd.git
vendor/marvell/external/wireless_tools.git
vendor/marvell/external/sysfsutils.git
kernel/kernel.git
boot/uboot.git
boot/obm.git
vendor/marvell/generic/env_tools.git
vendor/marvell/generic/apps/MarvellSettings.git
vendor/marvell/jasmine.git
vendor/marvell/generic/flash.git
flashing.git
vendor/marvell/generic/apps/remPhone.git
vendor/marvell/generic/tcmd.git
vendor/marvell/generic/bash.git
vendor/marvell/generic/apps/Superuser.git
vendor/marvell/generic/apps/su-binary.git
vendor/marvell/generic/apps/inputMethod.git
vendor/marvell/generic/apps/market.git
vendor/marvell/generic/apps/otadownload.git
